<?xml version="1.0" encoding="UTF-8"?>
<testsuite name="SortTest" tests="3" skipped="0" failures="0" errors="0" timestamp="2016-09-22T13:57:08" hostname="GT420s" time="0.006">
  <properties/>
  <testcase name="testSimpleHeapSort" classname="SortTest" time="0.004"/>
  <testcase name="testSimpleInsertionSort" classname="SortTest" time="0.0"/>
  <testcase name="testSimpleMergeSort" classname="SortTest" time="0.0"/>
  <system-out><![CDATA[]]></system-out>
  <system-err><![CDATA[]]></system-err>
</testsuite>
